<?xml version="1.0" encoding="UTF-8"?>
<coverage generated="1710915184300" clover="3.2.0">
  <project timestamp="1710915184301" name="All files">
    <metrics statements="4" coveredstatements="4" conditionals="3" coveredconditionals="1" methods="2" coveredmethods="2" elements="9" coveredelements="7" complexity="0" loc="4" ncloc="4" packages="1" files="1" classes="1"/>
    <file name="purchases.js" path="C:\Users\user\Desktop\tests\purchases.js">
      <metrics statements="4" coveredstatements="4" conditionals="3" coveredconditionals="1" methods="2" coveredmethods="2"/>
      <line num="2" count="1" type="stmt"/>
      <line num="3" count="2" type="stmt"/>
      <line num="6" count="1" type="cond" truecount="1" falsecount="1"/>
      <line num="7" count="1" type="stmt"/>
    </file>
  </project>
</coverage>
