{"C:\\Users\\user\\Desktop\\tests\\purchases.js": {"path":"C:\\Users\\user\\Desktop\\tests\\purchases.js","statementMap":{"0":{"start":{"line":2,"column":15},"end":{"line":5,"column":3}},"1":{"start":{"line":3,"column":19},"end":{"line":3,"column":48}},"2":{"start":{"line":6,"column":2},"end":{"line":8,"column":3}},"3":{"start":{"line":7,"column":4},"end":{"line":7,"column":26}}},"fnMap":{"0":{"name":"calculatetTotal","decl":{"start":{"line":1,"column":24},"end":{"line":1,"column":39}},"loc":{"start":{"line":1,"column":74},"end":{"line":9,"column":1}},"line":1},"1":{"name":"(anonymous_1)","decl":{"start":{"line":3,"column":4},"end":{"line":3,"column":5}},"loc":{"start":{"line":3,"column":19},"end":{"line":3,"column":48}},"line":3}},"branchMap":{"0":{"loc":{"start":{"line":1,"column":51},"end":{"line":1,"column":72}},"type":"default-arg","locations":[{"start":{"line":1,"column":67},"end":{"line":1,"column":72}}],"line":1},"1":{"loc":{"start":{"line":6,"column":2},"end":{"line":8,"column":3}},"type":"if","locations":[{"start":{"line":6,"column":2},"end":{"line":8,"column":3}},{"start":{},"end":{}}],"line":6}},"s":{"0":1,"1":2,"2":1,"3":1},"f":{"0":1,"1":2},"b":{"0":[0],"1":[1,0]},"_coverageSchema":"1a1c01bbd47fc00a2c39e90264f33305004495a9","hash":"857cb1c4844db72e02fdea5460e253b972fe18a7"}
}
